0 info it worked if it ends with ok
1 verbose cli [ '/Users/Klingberg/.nvm/versions/node/v6.10.0/bin/node',
1 verbose cli   '/Users/Klingberg/.nvm/versions/node/v6.10.0/bin/npm',
1 verbose cli   'run',
1 verbose cli   'test' ]
2 info using npm@3.10.10
3 info using node@v6.10.0
4 verbose run-script [ 'pretest', 'test', 'posttest' ]
5 info lifecycle sec8-authentication@1.0.0~pretest: sec8-authentication@1.0.0
6 silly lifecycle sec8-authentication@1.0.0~pretest: no script for pretest, continuing
7 info lifecycle sec8-authentication@1.0.0~test: sec8-authentication@1.0.0
8 verbose lifecycle sec8-authentication@1.0.0~test: unsafe-perm in lifecycle true
9 verbose lifecycle sec8-authentication@1.0.0~test: PATH: /Users/Klingberg/.nvm/versions/node/v6.10.0/lib/node_modules/npm/bin/node-gyp-bin:/Users/Klingberg/Code 2017/Projects/ride-planner-backend3/node_modules/.bin:/Users/Klingberg/.nvm/versions/node/v6.10.0/bin:/Applications/MAMP/bin/php/php7.0.12/bin:/usr/local/bin:/usr/bin:/bin:/usr/sbin:/sbin:/opt/X11/bin:/usr/local/git/bin:/Applications/Postgres.app/Contents/Versions/latest/bin:/usr/local/mongodb/bin
10 verbose lifecycle sec8-authentication@1.0.0~test: CWD: /Users/Klingberg/Code 2017/Projects/ride-planner-backend3
11 silly lifecycle sec8-authentication@1.0.0~test: Args: [ '-c',
11 silly lifecycle   'export NODE_ENV=test || SET "NODE_ENV=test" && mocha server/**/*.test.js' ]
12 silly lifecycle sec8-authentication@1.0.0~test: Returned: code: 1  signal: null
13 info lifecycle sec8-authentication@1.0.0~test: Failed to exec test script
14 verbose stack Error: sec8-authentication@1.0.0 test: `export NODE_ENV=test || SET "NODE_ENV=test" && mocha server/**/*.test.js`
14 verbose stack Exit status 1
14 verbose stack     at EventEmitter.<anonymous> (/Users/Klingberg/.nvm/versions/node/v6.10.0/lib/node_modules/npm/lib/utils/lifecycle.js:255:16)
14 verbose stack     at emitTwo (events.js:106:13)
14 verbose stack     at EventEmitter.emit (events.js:191:7)
14 verbose stack     at ChildProcess.<anonymous> (/Users/Klingberg/.nvm/versions/node/v6.10.0/lib/node_modules/npm/lib/utils/spawn.js:40:14)
14 verbose stack     at emitTwo (events.js:106:13)
14 verbose stack     at ChildProcess.emit (events.js:191:7)
14 verbose stack     at maybeClose (internal/child_process.js:877:16)
14 verbose stack     at Process.ChildProcess._handle.onexit (internal/child_process.js:226:5)
15 verbose pkgid sec8-authentication@1.0.0
16 verbose cwd /Users/Klingberg/Code 2017/Projects/ride-planner-backend3
17 error Darwin 16.5.0
18 error argv "/Users/Klingberg/.nvm/versions/node/v6.10.0/bin/node" "/Users/Klingberg/.nvm/versions/node/v6.10.0/bin/npm" "run" "test"
19 error node v6.10.0
20 error npm  v3.10.10
21 error code ELIFECYCLE
22 error sec8-authentication@1.0.0 test: `export NODE_ENV=test || SET "NODE_ENV=test" && mocha server/**/*.test.js`
22 error Exit status 1
23 error Failed at the sec8-authentication@1.0.0 test script 'export NODE_ENV=test || SET "NODE_ENV=test" && mocha server/**/*.test.js'.
23 error Make sure you have the latest version of node.js and npm installed.
23 error If you do, this is most likely a problem with the sec8-authentication package,
23 error not with npm itself.
23 error Tell the author that this fails on your system:
23 error     export NODE_ENV=test || SET "NODE_ENV=test" && mocha server/**/*.test.js
23 error You can get information on how to open an issue for this project with:
23 error     npm bugs sec8-authentication
23 error Or if that isn't available, you can get their info via:
23 error     npm owner ls sec8-authentication
23 error There is likely additional logging output above.
24 verbose exit [ 1, true ]
